<?xml version="1.0" encoding="UTF-8"?>
<testng-results skipped="0" failed="0" total="2" passed="2">
  <reporter-output>
  </reporter-output>
  <suite name="TestSuite" duration-ms="10863" started-at="2020-01-21T23:39:44Z" finished-at="2020-01-21T23:39:55Z">
    <groups>
    </groups>
    <test name="ChromeTest" duration-ms="10863" started-at="2020-01-21T23:39:44Z" finished-at="2020-01-21T23:39:55Z">
      <class name="pageObjectModelTest.Dropdown">
        <test-method status="PASS" signature="setup(java.lang.String)[pri:0, instance:pageObjectModelTest.Dropdown@13a57a3b]" name="setup" is-config="true" duration-ms="4134" started-at="2020-01-21T15:39:44Z" finished-at="2020-01-21T15:39:48Z">
          <params>
            <param index="0">
              <value>
                <![CDATA[chrome]]>
              </value>
            </param>
          </params>
          <reporter-output>
          </reporter-output>
        </test-method> <!-- setup -->
        <test-method status="PASS" signature="selectByVisibleText()[pri:0, instance:pageObjectModelTest.Dropdown@13a57a3b]" name="selectByVisibleText" duration-ms="1028" started-at="2020-01-21T15:39:48Z" finished-at="2020-01-21T15:39:49Z">
          <reporter-output>
          </reporter-output>
        </test-method> <!-- selectByVisibleText -->
        <test-method status="PASS" signature="tearDwon()[pri:0, instance:pageObjectModelTest.Dropdown@13a57a3b]" name="tearDwon" is-config="true" duration-ms="584" started-at="2020-01-21T15:39:49Z" finished-at="2020-01-21T15:39:50Z">
          <reporter-output>
          </reporter-output>
        </test-method> <!-- tearDwon -->
        <test-method status="PASS" signature="setup(java.lang.String)[pri:0, instance:pageObjectModelTest.Dropdown@13a57a3b]" name="setup" is-config="true" duration-ms="3492" started-at="2020-01-21T15:39:50Z" finished-at="2020-01-21T15:39:54Z">
          <params>
            <param index="0">
              <value>
                <![CDATA[chrome]]>
              </value>
            </param>
          </params>
          <reporter-output>
          </reporter-output>
        </test-method> <!-- setup -->
        <test-method status="PASS" signature="selectByVisibleText2()[pri:0, instance:pageObjectModelTest.Dropdown@13a57a3b]" name="selectByVisibleText2" duration-ms="1046" started-at="2020-01-21T15:39:54Z" finished-at="2020-01-21T15:39:55Z">
          <reporter-output>
          </reporter-output>
        </test-method> <!-- selectByVisibleText2 -->
        <test-method status="PASS" signature="tearDwon()[pri:0, instance:pageObjectModelTest.Dropdown@13a57a3b]" name="tearDwon" is-config="true" duration-ms="567" started-at="2020-01-21T15:39:55Z" finished-at="2020-01-21T15:39:55Z">
          <reporter-output>
          </reporter-output>
        </test-method> <!-- tearDwon -->
      </class> <!-- pageObjectModelTest.Dropdown -->
    </test> <!-- ChromeTest -->
  </suite> <!-- TestSuite -->
</testng-results>
